Using pre-set license
Built from '2020.3/staging' branch; Version is '2020.3.11f1 (99c7afb366b3) revision 10078127'; Using compiler version '192528614'; Build Type 'Release'
OS: 'Windows 10 Home; OS build 18363.1556; Version 1909; 64bit' Language: 'en' Physical Memory: 16257 MB
BatchMode: 1, IsHumanControllingUs: 0, StartBugReporterOnCrash: 0, Is64bit: 1, IsPro: 0

 COMMAND LINE ARGUMENTS:
E:\Unity projects SSD\Editor location path\2020.3.11f1\Editor\Unity.exe
-adb2
-batchMode
-noUpm
-name
AssetImportWorker0
-projectPath
E:/Unity projects SSD/CIU330 project/Grad-Project/CIU330 Grad Project
-logFile
Logs/AssetImportWorker0.log
-srvPort
63113
Successfully changed project path to: E:/Unity projects SSD/CIU330 project/Grad-Project/CIU330 Grad Project
E:/Unity projects SSD/CIU330 project/Grad-Project/CIU330 Grad Project
Using Asset Import Pipeline V2.
Refreshing native plugins compatible for Editor in 63.36 ms, found 6 plugins.
Preloading 0 native plugins for Editor in 0.00 ms.
Initialize engine version: 2020.3.11f1 (99c7afb366b3)
[Subsystems] Discovering subsystems at path E:/Unity projects SSD/Editor location path/2020.3.11f1/Editor/Data/Resources/UnitySubsystems
[Subsystems] Discovering subsystems at path E:/Unity projects SSD/CIU330 project/Grad-Project/CIU330 Grad Project/Assets
GfxDevice: creating device client; threaded=0
Direct3D:
    Version:  Direct3D 11.0 [level 11.1]
    Renderer: NVIDIA GeForce GTX 1070 (ID=0x1ba1)
    Vendor:   
    VRAM:     8081 MB
    Driver:   27.21.14.6192
Initialize mono
Mono path[0] = 'E:/Unity projects SSD/Editor location path/2020.3.11f1/Editor/Data/Managed'
Mono path[1] = 'E:/Unity projects SSD/Editor location path/2020.3.11f1/Editor/Data/MonoBleedingEdge/lib/mono/unityjit'
Mono config path = 'E:/Unity projects SSD/Editor location path/2020.3.11f1/Editor/Data/MonoBleedingEdge/etc'
Using monoOptions --debugger-agent=transport=dt_socket,embedding=1,server=y,suspend=n,address=127.0.0.1:56384
Begin MonoManager ReloadAssembly
Registering precompiled unity dll's ...
Register platform support module: E:/Unity projects SSD/Editor location path/2020.3.11f1/Editor/Data/PlaybackEngines/WebGLSupport/UnityEditor.WebGL.Extensions.dll
Register platform support module: E:/Unity projects SSD/Editor location path/2020.3.11f1/Editor/Data/PlaybackEngines/WindowsStandaloneSupport/UnityEditor.WindowsStandalone.Extensions.dll
Registered in 0.005181 seconds.
Native extension for WindowsStandalone target not found
Native extension for WebGL target not found
Refreshing native plugins compatible for Editor in 39.74 ms, found 6 plugins.
Preloading 0 native plugins for Editor in 0.00 ms.
Mono: successfully reloaded assembly
- Completed reload, in  3.446 seconds
Platform modules already initialized, skipping
Registering precompiled user dll's ...
Registered in 0.013825 seconds.
Begin MonoManager ReloadAssembly
Native extension for WindowsStandalone target not found
Native extension for WebGL target not found
Refreshing native plugins compatible for Editor in 46.15 ms, found 6 plugins.
Preloading 0 native plugins for Editor in 0.00 ms.
Mono: successfully reloaded assembly
Fallback handler could not load library E:/Unity projects SSD/Editor location path/2020.3.11f1/Editor/Data/Mono/lib/libdl
Fallback handler could not load library E:/Unity projects SSD/Editor location path/2020.3.11f1/Editor/Data/Mono/lib/libdl.dll
Fallback handler could not load library E:/Unity projects SSD/Editor location path/2020.3.11f1/Editor/Data/Mono/lib/libdl
Fallback handler could not load library E:/Unity projects SSD/Editor location path/2020.3.11f1/Editor/Data/Mono/lib/libdl
Fallback handler could not load library E:/Unity projects SSD/Editor location path/2020.3.11f1/Editor/Data/Mono/lib/libdl.dll
Fallback handler could not load library E:/Unity projects SSD/Editor location path/2020.3.11f1/Editor/Data/Mono/lib/libdl
- Completed reload, in  1.929 seconds
Platform modules already initialized, skipping
========================================================================
Worker process is ready to serve import requests
Launched and connected shader compiler UnityShaderCompiler.exe after 0.06 seconds
Refreshing native plugins compatible for Editor in 0.74 ms, found 6 plugins.
Preloading 0 native plugins for Editor in 0.00 ms.
Unloading 1429 Unused Serialized files (Serialized files now loaded: 0)
System memory in use before: 140.1 MB.
System memory in use after: 140.2 MB.

Unloading 54 unused Assets to reduce memory usage. Loaded Objects now: 1858.
Total: 2.272500 ms (FindLiveObjects: 0.143900 ms CreateObjectMapping: 0.046300 ms MarkObjects: 1.948300 ms  DeleteObjects: 0.133000 ms)

========================================================================
Received Import Request.
  path: Assets/Materials/Materials/obsidian.sbsar
  artifactKey: Guid(97fd39eef9c88fd4bb3ef132b2028359) Importer(815301076,1909f56bfc062723c751e8b465ee728b)
Start importing Assets/Materials/Materials/obsidian.sbsar using Guid(97fd39eef9c88fd4bb3ef132b2028359) Importer(815301076,1909f56bfc062723c751e8b465ee728b)  -> (artifact id: 'ba01ba7805511f4231543d2071b4bf8b') in 0.318049 seconds
  Import took 0.321154 seconds .

========================================================================
Received Prepare
Registering precompiled user dll's ...
Registered in 0.016203 seconds.
Begin MonoManager ReloadAssembly
Fallback handler could not load library E:/Unity projects SSD/Editor location path/2020.3.11f1/Editor/Data/Mono/lib/libdl
Fallback handler could not load library E:/Unity projects SSD/Editor location path/2020.3.11f1/Editor/Data/Mono/lib/libdl.dll
Fallback handler could not load library E:/Unity projects SSD/Editor location path/2020.3.11f1/Editor/Data/Mono/lib/libdl
Native extension for WindowsStandalone target not found
Native extension for WebGL target not found
Refreshing native plugins compatible for Editor in 0.69 ms, found 6 plugins.
Preloading 0 native plugins for Editor in 0.00 ms.
Mono: successfully reloaded assembly
Fallback handler could not load library E:/Unity projects SSD/Editor location path/2020.3.11f1/Editor/Data/Mono/lib/libdl
Fallback handler could not load library E:/Unity projects SSD/Editor location path/2020.3.11f1/Editor/Data/Mono/lib/libdl.dll
Fallback handler could not load library E:/Unity projects SSD/Editor location path/2020.3.11f1/Editor/Data/Mono/lib/libdl
Fallback handler could not load library E:/Unity projects SSD/Editor location path/2020.3.11f1/Editor/Data/Mono/lib/libdl
Fallback handler could not load library E:/Unity projects SSD/Editor location path/2020.3.11f1/Editor/Data/Mono/lib/libdl.dll
Fallback handler could not load library E:/Unity projects SSD/Editor location path/2020.3.11f1/Editor/Data/Mono/lib/libdl
- Completed reload, in  1.578 seconds
Platform modules already initialized, skipping
Refreshing native plugins compatible for Editor in 1.96 ms, found 6 plugins.
Preloading 0 native plugins for Editor in 0.00 ms.
Unloading 1425 Unused Serialized files (Serialized files now loaded: 0)
System memory in use before: 143.5 MB.
System memory in use after: 143.6 MB.

Unloading 50 unused Assets to reduce memory usage. Loaded Objects now: 1908.
Total: 2.741800 ms (FindLiveObjects: 0.165400 ms CreateObjectMapping: 0.052100 ms MarkObjects: 2.281300 ms  DeleteObjects: 0.241300 ms)

========================================================================
Received Import Request.
  Time since last request: 5164.818131 seconds.
  path: Assets/Skull Platform/Particles/Materials/Dust.mat
  artifactKey: Guid(42898d32c17051641a16a1c4820afd25) Importer(815301076,1909f56bfc062723c751e8b465ee728b)
Start importing Assets/Skull Platform/Particles/Materials/Dust.mat using Guid(42898d32c17051641a16a1c4820afd25) Importer(815301076,1909f56bfc062723c751e8b465ee728b)  -> (artifact id: 'cf7952189393d4e121109d71308071a4') in 0.128283 seconds
  Import took 0.131993 seconds .

========================================================================
Received Import Request.
  Time since last request: 3.549412 seconds.
  path: Assets/Skull Platform/Particles/Textures/Fire_Dust.psd
  artifactKey: Guid(6d3d00f58c3752840b1fba7926db21e8) Importer(815301076,1909f56bfc062723c751e8b465ee728b)
Start importing Assets/Skull Platform/Particles/Textures/Fire_Dust.psd using Guid(6d3d00f58c3752840b1fba7926db21e8) Importer(815301076,1909f56bfc062723c751e8b465ee728b)  -> (artifact id: 'e72ab6ea7a49b2cea44f9441c3ad51b4') in 0.383758 seconds
  Import took 0.387306 seconds .

========================================================================
Received Import Request.
  Time since last request: 47.701009 seconds.
  path: Assets/Skull Platform/Demo/Platform.unity
  artifactKey: Guid(696d5a744ed94f44d8b9aa9cb07b7e7b) Importer(815301076,1909f56bfc062723c751e8b465ee728b)
Start importing Assets/Skull Platform/Demo/Platform.unity using Guid(696d5a744ed94f44d8b9aa9cb07b7e7b) Importer(815301076,1909f56bfc062723c751e8b465ee728b)  -> (artifact id: 'c1d190dea73ef7f99d7062905ddd85e1') in 0.011732 seconds
  Import took 0.014790 seconds .

========================================================================
Received Import Request.
  Time since last request: 71.636650 seconds.
  path: Assets/Skull Platform/Prefabs/Skull Platform.prefab
  artifactKey: Guid(9c303d6496e8e44418f5fa97ec9c7c3d) Importer(815301076,1909f56bfc062723c751e8b465ee728b)
Start importing Assets/Skull Platform/Prefabs/Skull Platform.prefab using Guid(9c303d6496e8e44418f5fa97ec9c7c3d) Importer(815301076,1909f56bfc062723c751e8b465ee728b)  -> (artifact id: '4d248f74a651020109654a58ca7b2c06') in 0.120847 seconds
  Import took 0.124606 seconds .

========================================================================
Received Import Request.
  Time since last request: 14.298643 seconds.
  path: Assets/Scenes/Test.unity
  artifactKey: Guid(dec352b8c59e5984fb25d83fc9da4a48) Importer(815301076,1909f56bfc062723c751e8b465ee728b)
Start importing Assets/Scenes/Test.unity using Guid(dec352b8c59e5984fb25d83fc9da4a48) Importer(815301076,1909f56bfc062723c751e8b465ee728b)  -> (artifact id: 'dffdd6065109bfde3282a2e651ba859c') in 0.009719 seconds
  Import took 0.015706 seconds .

========================================================================
Received Import Request.
  Time since last request: 304.414178 seconds.
  path: Assets/Skull Platform/Prefabs/Platform_Skull_01.prefab
  artifactKey: Guid(f58dcf1faed060e48af3b1ad7c749ca9) Importer(815301076,1909f56bfc062723c751e8b465ee728b)
Start importing Assets/Skull Platform/Prefabs/Platform_Skull_01.prefab using Guid(f58dcf1faed060e48af3b1ad7c749ca9) Importer(815301076,1909f56bfc062723c751e8b465ee728b)  -> (artifact id: '5a8dcd573f286b402a450e10324d9633') in 0.058420 seconds
  Import took 0.062028 seconds .

========================================================================
Received Import Request.
  Time since last request: 353.911454 seconds.
  path: Assets/Skull Platform
  artifactKey: Guid(2b3ec3b676142c044a9affd941cdd2f6) Importer(815301076,1909f56bfc062723c751e8b465ee728b)
Start importing Assets/Skull Platform using Guid(2b3ec3b676142c044a9affd941cdd2f6) Importer(815301076,1909f56bfc062723c751e8b465ee728b)  -> (artifact id: 'fd9c9c3c2d1642e3957793919735bc90') in 0.004437 seconds
  Import took 0.008424 seconds .

========================================================================
Received Import Request.
  Time since last request: 590.012847 seconds.
  path: ProjectSettings/TagManager.asset
  artifactKey: Guid(00000000000000003000000000000000) Importer(815301076,1909f56bfc062723c751e8b465ee728b)
Start importing ProjectSettings/TagManager.asset using Guid(00000000000000003000000000000000) Importer(815301076,1909f56bfc062723c751e8b465ee728b)  -> (artifact id: 'b9588ff1b409442e1f6a23271626e54a') in 0.017143 seconds
  Import took 0.022794 seconds .

========================================================================
Received Import Request.
  Time since last request: 56.246057 seconds.
  path: Assets/FloorSegment/floor_segment_updated.png
  artifactKey: Guid(6444e3e6492679f44b18bc08fe55562b) Importer(815301076,1909f56bfc062723c751e8b465ee728b)
Start importing Assets/FloorSegment/floor_segment_updated.png using Guid(6444e3e6492679f44b18bc08fe55562b) Importer(815301076,1909f56bfc062723c751e8b465ee728b)  -> (artifact id: '8feac8e8f789d19ed69bc393391f8e1b') in 0.111378 seconds
  Import took 0.115209 seconds .

========================================================================
Received Import Request.
  Time since last request: 3.872512 seconds.
  path: Assets/FloorSegment/floor_segment_updated.prefab
  artifactKey: Guid(26096449e47058e47b7f547a8101ea61) Importer(815301076,1909f56bfc062723c751e8b465ee728b)
Start importing Assets/FloorSegment/floor_segment_updated.prefab using Guid(26096449e47058e47b7f547a8101ea61) Importer(815301076,1909f56bfc062723c751e8b465ee728b)  -> (artifact id: '8ea5be10d7c4f99d81e793d8e1653786') in 0.038377 seconds
  Import took 0.042244 seconds .

========================================================================
Received Import Request.
  Time since last request: 479.338510 seconds.
  path: Assets/Scenes/MainMenu.unity
  artifactKey: Guid(1d3cb3cd8024b014f9ee043dcf77df5e) Importer(815301076,1909f56bfc062723c751e8b465ee728b)
Start importing Assets/Scenes/MainMenu.unity using Guid(1d3cb3cd8024b014f9ee043dcf77df5e) Importer(815301076,1909f56bfc062723c751e8b465ee728b)  -> (artifact id: '5bb18b432377fe83e5248e50be0794a0') in 0.013305 seconds
  Import took 0.016588 seconds .

========================================================================
Received Import Request.
  Time since last request: 95.680234 seconds.
  path: Assets/Materials/Substance/crustylava.sbsar
  artifactKey: Guid(ee258ba33cf1b3349b824934979748af) Importer(815301076,1909f56bfc062723c751e8b465ee728b)
Start importing Assets/Materials/Substance/crustylava.sbsar using Guid(ee258ba33cf1b3349b824934979748af) Importer(815301076,1909f56bfc062723c751e8b465ee728b)  -> (artifact id: 'd1f2bfffa208fcfae21426600c4c4520') in 0.129226 seconds
  Import took 0.133039 seconds .

========================================================================
Received Import Request.
  Time since last request: 0.000785 seconds.
  path: Assets/Materials/Substance/crustylava.sbsar
  artifactKey: Guid(ee258ba33cf1b3349b824934979748af) Importer(815301076,1909f56bfc062723c751e8b465ee728b)
Start importing Assets/Materials/Substance/crustylava.sbsar using Guid(ee258ba33cf1b3349b824934979748af) Importer(815301076,1909f56bfc062723c751e8b465ee728b)  -> (artifact id: 'd1f2bfffa208fcfae21426600c4c4520') in 0.050157 seconds
  Import took 0.053509 seconds .

========================================================================
Received Import Request.
  Time since last request: 107.234255 seconds.
  path: Assets/Materials/Substance/fur.sbsar
  artifactKey: Guid(b3454bb19e4aeb449a4b486b8b54d7bc) Importer(815301076,1909f56bfc062723c751e8b465ee728b)
Start importing Assets/Materials/Substance/fur.sbsar using Guid(b3454bb19e4aeb449a4b486b8b54d7bc) Importer(815301076,1909f56bfc062723c751e8b465ee728b)  -> (artifact id: '470760038ffaa675f8ac33f622626ec8') in 0.066242 seconds
  Import took 0.071785 seconds .

========================================================================
Received Import Request.
  Time since last request: 0.008982 seconds.
  path: Assets/Materials/Substance/fur.sbsar
  artifactKey: Guid(b3454bb19e4aeb449a4b486b8b54d7bc) Importer(815301076,1909f56bfc062723c751e8b465ee728b)
Start importing Assets/Materials/Substance/fur.sbsar using Guid(b3454bb19e4aeb449a4b486b8b54d7bc) Importer(815301076,1909f56bfc062723c751e8b465ee728b)  -> (artifact id: '470760038ffaa675f8ac33f622626ec8') in 0.067238 seconds
  Import took 0.070340 seconds .

========================================================================
Received Import Request.
  Time since last request: 170.531015 seconds.
  path: Assets/Materials/Substance/fertile dirt ground.sbsar
  artifactKey: Guid(14b3214611d4c5b49aa61d63c08eb289) Importer(815301076,1909f56bfc062723c751e8b465ee728b)
Start importing Assets/Materials/Substance/fertile dirt ground.sbsar using Guid(14b3214611d4c5b49aa61d63c08eb289) Importer(815301076,1909f56bfc062723c751e8b465ee728b)  -> (artifact id: '6f7738f8d18a82b4d098fb16016e14cd') in 0.225641 seconds
  Import took 0.231446 seconds .

========================================================================
Received Import Request.
  Time since last request: 85.282161 seconds.
  path: Assets/Materials/Substance/fertile dirt ground.sbsar
  artifactKey: Guid(14b3214611d4c5b49aa61d63c08eb289) Importer(815301076,1909f56bfc062723c751e8b465ee728b)
Start importing Assets/Materials/Substance/fertile dirt ground.sbsar using Guid(14b3214611d4c5b49aa61d63c08eb289) Importer(815301076,1909f56bfc062723c751e8b465ee728b)  -> (artifact id: '184e48017ad7bbf14f701f2636d8797d') in 0.225522 seconds
  Import took 0.229712 seconds .

========================================================================
Received Import Request.
  Time since last request: 293.499448 seconds.
  path: Assets/Animations/mage sleep.fbx
  artifactKey: Guid(b3fb0883413819a40b0271e35a168418) Importer(815301076,1909f56bfc062723c751e8b465ee728b)
Start importing Assets/Animations/mage sleep.fbx using Guid(b3fb0883413819a40b0271e35a168418) Importer(815301076,1909f56bfc062723c751e8b465ee728b)  -> (artifact id: '44361723b402588a9bc0cb7cda14eb78') in 0.039294 seconds
  Import took 0.043757 seconds .

========================================================================
Received Import Request.
  Time since last request: 0.001682 seconds.
  path: Assets/Animations/mage sleep.fbx
  artifactKey: Guid(b3fb0883413819a40b0271e35a168418) Importer(815301076,1909f56bfc062723c751e8b465ee728b)
Start importing Assets/Animations/mage sleep.fbx using Guid(b3fb0883413819a40b0271e35a168418) Importer(815301076,1909f56bfc062723c751e8b465ee728b)  -> (artifact id: '44361723b402588a9bc0cb7cda14eb78') in 0.015855 seconds
  Import took 0.020010 seconds .

========================================================================
Received Import Request.
  Time since last request: 3.555034 seconds.
  path: Assets/Animations/mixamo.com.anim
  artifactKey: Guid(184d03c8715208a40b552bf12c739690) Importer(815301076,1909f56bfc062723c751e8b465ee728b)
Start importing Assets/Animations/mixamo.com.anim using Guid(184d03c8715208a40b552bf12c739690) Importer(815301076,1909f56bfc062723c751e8b465ee728b)  -> (artifact id: '1bb2f56349bd5e900a61376d4d4c142e') in 0.056445 seconds
  Import took 0.058950 seconds .

========================================================================
Received Import Request.
  Time since last request: 13.834213 seconds.
  path: Assets/Animations/Mage sleep.anim
  artifactKey: Guid(184d03c8715208a40b552bf12c739690) Importer(815301076,1909f56bfc062723c751e8b465ee728b)
Start importing Assets/Animations/Mage sleep.anim using Guid(184d03c8715208a40b552bf12c739690) Importer(815301076,1909f56bfc062723c751e8b465ee728b)  -> (artifact id: 'e5045bd160d5f932b8aa7ecfde40bb06') in 0.045036 seconds
  Import took 0.047671 seconds .

========================================================================
Received Prepare
Registering precompiled user dll's ...
Registered in 0.016112 seconds.
Begin MonoManager ReloadAssembly
Fallback handler could not load library E:/Unity projects SSD/Editor location path/2020.3.11f1/Editor/Data/Mono/lib/libdl
Fallback handler could not load library E:/Unity projects SSD/Editor location path/2020.3.11f1/Editor/Data/Mono/lib/libdl.dll
Fallback handler could not load library E:/Unity projects SSD/Editor location path/2020.3.11f1/Editor/Data/Mono/lib/libdl
Native extension for WindowsStandalone target not found
Native extension for WebGL target not found
Refreshing native plugins compatible for Editor in 0.70 ms, found 6 plugins.
Preloading 0 native plugins for Editor in 0.00 ms.
Mono: successfully reloaded assembly
Fallback handler could not load library E:/Unity projects SSD/Editor location path/2020.3.11f1/Editor/Data/Mono/lib/libdl
Fallback handler could not load library E:/Unity projects SSD/Editor location path/2020.3.11f1/Editor/Data/Mono/lib/libdl.dll
Fallback handler could not load library E:/Unity projects SSD/Editor location path/2020.3.11f1/Editor/Data/Mono/lib/libdl
Fallback handler could not load library E:/Unity projects SSD/Editor location path/2020.3.11f1/Editor/Data/Mono/lib/libdl
Fallback handler could not load library E:/Unity projects SSD/Editor location path/2020.3.11f1/Editor/Data/Mono/lib/libdl.dll
Fallback handler could not load library E:/Unity projects SSD/Editor location path/2020.3.11f1/Editor/Data/Mono/lib/libdl
- Completed reload, in  1.418 seconds
Platform modules already initialized, skipping
Refreshing native plugins compatible for Editor in 0.73 ms, found 6 plugins.
Preloading 0 native plugins for Editor in 0.00 ms.
Unloading 1426 Unused Serialized files (Serialized files now loaded: 0)
System memory in use before: 145.1 MB.
System memory in use after: 145.1 MB.

Unloading 51 unused Assets to reduce memory usage. Loaded Objects now: 1945.
Total: 2.295500 ms (FindLiveObjects: 0.146900 ms CreateObjectMapping: 0.046300 ms MarkObjects: 2.000600 ms  DeleteObjects: 0.100800 ms)

========================================================================
Received Import Request.
  Time since last request: 141.820160 seconds.
  path: Assets/FurnishedCabin/Documentation/FurnishedCabin_Readme_V1.2.pdf
  artifactKey: Guid(3b196ffc65c2c28448305d628874a234) Importer(815301076,1909f56bfc062723c751e8b465ee728b)
Start importing Assets/FurnishedCabin/Documentation/FurnishedCabin_Readme_V1.2.pdf using Guid(3b196ffc65c2c28448305d628874a234) Importer(815301076,1909f56bfc062723c751e8b465ee728b)  -> (artifact id: '72337ff9faac75016d51134f318ac3f0') in 0.048425 seconds
  Import took 0.051251 seconds .

========================================================================
Received Import Request.
  Time since last request: 14.296500 seconds.
  path: Assets/FurnishedCabin/Prefabs
  artifactKey: Guid(d74d475fc0f824076a57d6ba4337ea6d) Importer(815301076,1909f56bfc062723c751e8b465ee728b)
Start importing Assets/FurnishedCabin/Prefabs using Guid(d74d475fc0f824076a57d6ba4337ea6d) Importer(815301076,1909f56bfc062723c751e8b465ee728b)  -> (artifact id: 'a905a576735aa25b03c1e260c1e35bed') in 0.012836 seconds
  Import took 0.016425 seconds .

========================================================================
Received Import Request.
  Time since last request: 277.864601 seconds.
  path: Assets/SkyBox Volume 2/DeepSpaceBlue
  artifactKey: Guid(8a4546dea50725346a2194ecdedbc5c0) Importer(815301076,1909f56bfc062723c751e8b465ee728b)
Start importing Assets/SkyBox Volume 2/DeepSpaceBlue using Guid(8a4546dea50725346a2194ecdedbc5c0) Importer(815301076,1909f56bfc062723c751e8b465ee728b)  -> (artifact id: 'cfd27037abe54b996f3b0848ffd9dff6') in 0.011781 seconds
  Import took 0.015773 seconds .

========================================================================
Received Import Request.
  Time since last request: 384.652119 seconds.
  path: Assets/SkyBox Volume 2/Stars01/frontImage.png
  artifactKey: Guid(c3883dd823634424cb7f77b7808dfb71) Importer(815301076,1909f56bfc062723c751e8b465ee728b)
Start importing Assets/SkyBox Volume 2/Stars01/frontImage.png using Guid(c3883dd823634424cb7f77b7808dfb71) Importer(815301076,1909f56bfc062723c751e8b465ee728b)  -> (artifact id: '8ca1121f29e55f9575b1e4c565859160') in 0.053153 seconds
  Import took 0.057642 seconds .

========================================================================
Received Import Request.
  Time since last request: 0.000306 seconds.
  path: Assets/SkyBox Volume 2/Stars01/backImage.png
  artifactKey: Guid(0fbf23bda4c210c44a0fe51c9bbaecc7) Importer(815301076,1909f56bfc062723c751e8b465ee728b)
Start importing Assets/SkyBox Volume 2/Stars01/backImage.png using Guid(0fbf23bda4c210c44a0fe51c9bbaecc7) Importer(815301076,1909f56bfc062723c751e8b465ee728b)  -> (artifact id: 'b739def32d073469ac1fe538f3a8de3e') in 0.024516 seconds
  Import took 0.028741 seconds .

========================================================================
Received Import Request.
  Time since last request: 0.000307 seconds.
  path: Assets/SkyBox Volume 2/Stars01/downImage.png
  artifactKey: Guid(2386597d5e868c9458b8bf627b1bbb25) Importer(815301076,1909f56bfc062723c751e8b465ee728b)
Start importing Assets/SkyBox Volume 2/Stars01/downImage.png using Guid(2386597d5e868c9458b8bf627b1bbb25) Importer(815301076,1909f56bfc062723c751e8b465ee728b)  -> (artifact id: 'ac23029dc60fa85bda14d79484e9b3e5') in 0.020765 seconds
  Import took 0.025485 seconds .

========================================================================
Received Import Request.
  Time since last request: 0.000250 seconds.
  path: Assets/SkyBox Volume 2/Stars01/leftImage.png
  artifactKey: Guid(e93b91c50a583a949bd59be8a2f0e8e0) Importer(815301076,1909f56bfc062723c751e8b465ee728b)
Start importing Assets/SkyBox Volume 2/Stars01/leftImage.png using Guid(e93b91c50a583a949bd59be8a2f0e8e0) Importer(815301076,1909f56bfc062723c751e8b465ee728b)  -> (artifact id: 'd1baf157dbd84709f5a20f72f9562393') in 0.018132 seconds
  Import took 0.021747 seconds .

========================================================================
Received Import Request.
  Time since last request: 0.000318 seconds.
  path: Assets/SkyBox Volume 2/Stars01/rightImage.png
  artifactKey: Guid(ff7a4eded7a1437488c0e6771172133e) Importer(815301076,1909f56bfc062723c751e8b465ee728b)
Start importing Assets/SkyBox Volume 2/Stars01/rightImage.png using Guid(ff7a4eded7a1437488c0e6771172133e) Importer(815301076,1909f56bfc062723c751e8b465ee728b)  -> (artifact id: '768487303c2c5b8ba78f5e9ac596cdf3') in 0.018394 seconds
  Import took 0.022365 seconds .

========================================================================
Received Import Request.
  Time since last request: 0.000313 seconds.
  path: Assets/SkyBox Volume 2/Stars01/upImage.png
  artifactKey: Guid(1eee1a8f13e601d4e967192b6915486c) Importer(815301076,1909f56bfc062723c751e8b465ee728b)
Start importing Assets/SkyBox Volume 2/Stars01/upImage.png using Guid(1eee1a8f13e601d4e967192b6915486c) Importer(815301076,1909f56bfc062723c751e8b465ee728b)  -> (artifact id: '24d54659d359963dd768e7df7564485d') in 0.017099 seconds
  Import took 0.020296 seconds .

========================================================================
Received Import Request.
  Time since last request: 3.163795 seconds.
  path: Assets/SkyBox Volume 2/DeepSpaceGreen/frontImage.png
  artifactKey: Guid(05a43da33c7eccf46bfece6a05db470f) Importer(815301076,1909f56bfc062723c751e8b465ee728b)
Start importing Assets/SkyBox Volume 2/DeepSpaceGreen/frontImage.png using Guid(05a43da33c7eccf46bfece6a05db470f) Importer(815301076,1909f56bfc062723c751e8b465ee728b)  -> (artifact id: '905fe470584d3c17670a159d16c0a860') in 0.018308 seconds
  Import took 0.021250 seconds .

========================================================================
Received Import Request.
  Time since last request: 0.000325 seconds.
  path: Assets/SkyBox Volume 2/DeepSpaceGreen/downImage.png
  artifactKey: Guid(8fa9128ee1c5bf84bbe093c7f8a0523a) Importer(815301076,1909f56bfc062723c751e8b465ee728b)
Start importing Assets/SkyBox Volume 2/DeepSpaceGreen/downImage.png using Guid(8fa9128ee1c5bf84bbe093c7f8a0523a) Importer(815301076,1909f56bfc062723c751e8b465ee728b)  -> (artifact id: 'f4617901386644596df22872d529f916') in 0.026048 seconds
  Import took 0.029403 seconds .

========================================================================
Received Import Request.
  Time since last request: 0.000243 seconds.
  path: Assets/SkyBox Volume 2/DeepSpaceGreen/upImage.png
  artifactKey: Guid(376b86c8806901b4990daf9dc1615895) Importer(815301076,1909f56bfc062723c751e8b465ee728b)
Start importing Assets/SkyBox Volume 2/DeepSpaceGreen/upImage.png using Guid(376b86c8806901b4990daf9dc1615895) Importer(815301076,1909f56bfc062723c751e8b465ee728b)  -> (artifact id: '42b67acfbedb60280c20774d8bf98ad7') in 0.015084 seconds
  Import took 0.017825 seconds .

========================================================================
Received Import Request.
  Time since last request: 0.000352 seconds.
  path: Assets/SkyBox Volume 2/DeepSpaceGreen/leftImage.png
  artifactKey: Guid(b3e3bb55f10dc644daa8a354dc0030ed) Importer(815301076,1909f56bfc062723c751e8b465ee728b)
Start importing Assets/SkyBox Volume 2/DeepSpaceGreen/leftImage.png using Guid(b3e3bb55f10dc644daa8a354dc0030ed) Importer(815301076,1909f56bfc062723c751e8b465ee728b)  -> (artifact id: 'f5a83e6fc0f4662f9fd1451f6de9bcf4') in 0.016889 seconds
  Import took 0.019906 seconds .

========================================================================
Received Import Request.
  Time since last request: 0.000356 seconds.
  path: Assets/SkyBox Volume 2/DeepSpaceGreen/backImage.png
  artifactKey: Guid(968c95c521a144942bcb53ab0dba230e) Importer(815301076,1909f56bfc062723c751e8b465ee728b)
Start importing Assets/SkyBox Volume 2/DeepSpaceGreen/backImage.png using Guid(968c95c521a144942bcb53ab0dba230e) Importer(815301076,1909f56bfc062723c751e8b465ee728b)  -> (artifact id: '40ff8a0fdd37926be61ec7ca922deb71') in 0.017308 seconds
  Import took 0.021226 seconds .

========================================================================
Received Import Request.
  Time since last request: 0.000397 seconds.
  path: Assets/SkyBox Volume 2/DeepSpaceGreen/rightImage.png
  artifactKey: Guid(7cc04e6ef3221c043afaef956af7b86f) Importer(815301076,1909f56bfc062723c751e8b465ee728b)
Start importing Assets/SkyBox Volume 2/DeepSpaceGreen/rightImage.png using Guid(7cc04e6ef3221c043afaef956af7b86f) Importer(815301076,1909f56bfc062723c751e8b465ee728b)  -> (artifact id: '0b8f0bde69f6fefb33f89b8c2e487a15') in 0.018047 seconds
  Import took 0.021683 seconds .

========================================================================
Received Import Request.
  Time since last request: 1.705971 seconds.
  path: Assets/SkyBox Volume 2/DeepSpaceBlue/frontImage.png
  artifactKey: Guid(3c74d9b24e6f1a24c8a23d012f45f750) Importer(815301076,1909f56bfc062723c751e8b465ee728b)
Start importing Assets/SkyBox Volume 2/DeepSpaceBlue/frontImage.png using Guid(3c74d9b24e6f1a24c8a23d012f45f750) Importer(815301076,1909f56bfc062723c751e8b465ee728b)  -> (artifact id: '893fac52e4c31ab280a06ddafbf6806d') in 0.055370 seconds
  Import took 0.058641 seconds .

========================================================================
Received Import Request.
  Time since last request: 0.000331 seconds.
  path: Assets/SkyBox Volume 2/DeepSpaceBlue/downImage.png
  artifactKey: Guid(53236b56bc0208c49936b442daccbb62) Importer(815301076,1909f56bfc062723c751e8b465ee728b)
Start importing Assets/SkyBox Volume 2/DeepSpaceBlue/downImage.png using Guid(53236b56bc0208c49936b442daccbb62) Importer(815301076,1909f56bfc062723c751e8b465ee728b)  -> (artifact id: '0edb1c514ecff676488da6742e35f427') in 0.021372 seconds
  Import took 0.025110 seconds .

========================================================================
Received Import Request.
  Time since last request: 0.000373 seconds.
  path: Assets/SkyBox Volume 2/DeepSpaceBlue/leftImage.png
  artifactKey: Guid(a40174c675fc1264dbbe1c9b83c7f29f) Importer(815301076,1909f56bfc062723c751e8b465ee728b)
Start importing Assets/SkyBox Volume 2/DeepSpaceBlue/leftImage.png using Guid(a40174c675fc1264dbbe1c9b83c7f29f) Importer(815301076,1909f56bfc062723c751e8b465ee728b)  -> (artifact id: '6e1f58a638fc0ec303b947124bf554f9') in 0.015935 seconds
  Import took 0.019894 seconds .

========================================================================
Received Import Request.
  Time since last request: 0.000251 seconds.
  path: Assets/SkyBox Volume 2/DeepSpaceBlue/backImage.png
  artifactKey: Guid(d733e8221be901b429039b23c12749c6) Importer(815301076,1909f56bfc062723c751e8b465ee728b)
Start importing Assets/SkyBox Volume 2/DeepSpaceBlue/backImage.png using Guid(d733e8221be901b429039b23c12749c6) Importer(815301076,1909f56bfc062723c751e8b465ee728b)  -> (artifact id: '50cf72c8207bf0ab9cfc46ba9dc68e5f') in 0.018666 seconds
  Import took 0.023116 seconds .

========================================================================
Received Import Request.
  Time since last request: 0.000341 seconds.
  path: Assets/SkyBox Volume 2/DeepSpaceBlue/rightImage.png
  artifactKey: Guid(9dd9f87fe1ab7744fb7fb7046e3cfbfb) Importer(815301076,1909f56bfc062723c751e8b465ee728b)
Start importing Assets/SkyBox Volume 2/DeepSpaceBlue/rightImage.png using Guid(9dd9f87fe1ab7744fb7fb7046e3cfbfb) Importer(815301076,1909f56bfc062723c751e8b465ee728b)  -> (artifact id: 'dd8933dbfe19b7c271780f52a6068068') in 0.018414 seconds
  Import took 0.022625 seconds .

========================================================================
Received Import Request.
  Time since last request: 0.000213 seconds.
  path: Assets/SkyBox Volume 2/DeepSpaceBlue/upImage.png
  artifactKey: Guid(bd01d8f5deedc054ea3c866c4df95a94) Importer(815301076,1909f56bfc062723c751e8b465ee728b)
Start importing Assets/SkyBox Volume 2/DeepSpaceBlue/upImage.png using Guid(bd01d8f5deedc054ea3c866c4df95a94) Importer(815301076,1909f56bfc062723c751e8b465ee728b)  -> (artifact id: 'fbbb2c7d9e2ea30ab0841365df63ab84') in 0.014465 seconds
  Import took 0.018126 seconds .

========================================================================
Received Import Request.
  Time since last request: 137.198997 seconds.
  path: Assets/Prefabs/Mage.prefab
  artifactKey: Guid(63b54c75d9191814fa5b5bd1b1724bc5) Importer(815301076,1909f56bfc062723c751e8b465ee728b)
Start importing Assets/Prefabs/Mage.prefab using Guid(63b54c75d9191814fa5b5bd1b1724bc5) Importer(815301076,1909f56bfc062723c751e8b465ee728b)  -> (artifact id: 'f6741c6968b818a228a7fefbeecc1078') in 0.308835 seconds
  Import took 0.315944 seconds .

========================================================================
Received Prepare
Registering precompiled user dll's ...
Registered in 0.013570 seconds.
Begin MonoManager ReloadAssembly
Fallback handler could not load library E:/Unity projects SSD/Editor location path/2020.3.11f1/Editor/Data/Mono/lib/libdl
Fallback handler could not load library E:/Unity projects SSD/Editor location path/2020.3.11f1/Editor/Data/Mono/lib/libdl.dll
Fallback handler could not load library E:/Unity projects SSD/Editor location path/2020.3.11f1/Editor/Data/Mono/lib/libdl
Native extension for WindowsStandalone target not found
Native extension for WebGL target not found
Refreshing native plugins compatible for Editor in 0.68 ms, found 6 plugins.
Preloading 0 native plugins for Editor in 0.00 ms.
Mono: successfully reloaded assembly
Fallback handler could not load library E:/Unity projects SSD/Editor location path/2020.3.11f1/Editor/Data/Mono/lib/libdl
Fallback handler could not load library E:/Unity projects SSD/Editor location path/2020.3.11f1/Editor/Data/Mono/lib/libdl.dll
Fallback handler could not load library E:/Unity projects SSD/Editor location path/2020.3.11f1/Editor/Data/Mono/lib/libdl
Fallback handler could not load library E:/Unity projects SSD/Editor location path/2020.3.11f1/Editor/Data/Mono/lib/libdl
Fallback handler could not load library E:/Unity projects SSD/Editor location path/2020.3.11f1/Editor/Data/Mono/lib/libdl.dll
Fallback handler could not load library E:/Unity projects SSD/Editor location path/2020.3.11f1/Editor/Data/Mono/lib/libdl
- Completed reload, in  1.468 seconds
Platform modules already initialized, skipping
Refreshing native plugins compatible for Editor in 0.81 ms, found 6 plugins.
Preloading 0 native plugins for Editor in 0.00 ms.
Unloading 1426 Unused Serialized files (Serialized files now loaded: 0)
System memory in use before: 158.8 MB.
System memory in use after: 158.9 MB.

Unloading 54 unused Assets to reduce memory usage. Loaded Objects now: 1950.
Total: 2.707800 ms (FindLiveObjects: 0.154200 ms CreateObjectMapping: 0.046600 ms MarkObjects: 2.371200 ms  DeleteObjects: 0.135000 ms)

========================================================================
Received Import Request.
  Time since last request: 247.025305 seconds.
  path: Assets/Animations/MageMM
  artifactKey: Guid(03d82bbc3d7e6b84fb98594dfcbd5cc8) Importer(815301076,1909f56bfc062723c751e8b465ee728b)
Start importing Assets/Animations/MageMM using Guid(03d82bbc3d7e6b84fb98594dfcbd5cc8) Importer(815301076,1909f56bfc062723c751e8b465ee728b)  -> (artifact id: '5871b06a857efdc001fc0effb8d3ec1e') in 0.011519 seconds
  Import took 0.014632 seconds .

========================================================================
Received Import Request.
  Time since last request: 7.036919 seconds.
  path: Assets/Animations/MageMM/MageSleeper.controller
  artifactKey: Guid(ded67acb9e259c04e84e9b09e9373d1b) Importer(815301076,1909f56bfc062723c751e8b465ee728b)
Start importing Assets/Animations/MageMM/MageSleeper.controller using Guid(ded67acb9e259c04e84e9b09e9373d1b) Importer(815301076,1909f56bfc062723c751e8b465ee728b)  -> (artifact id: 'ed0380a9ba71d91aee10aea4241dcb07') in 0.029989 seconds
  Import took 0.034595 seconds .

========================================================================
Received Prepare
Registering precompiled user dll's ...
Registered in 0.015507 seconds.
Begin MonoManager ReloadAssembly
Fallback handler could not load library E:/Unity projects SSD/Editor location path/2020.3.11f1/Editor/Data/Mono/lib/libdl
Fallback handler could not load library E:/Unity projects SSD/Editor location path/2020.3.11f1/Editor/Data/Mono/lib/libdl.dll
Fallback handler could not load library E:/Unity projects SSD/Editor location path/2020.3.11f1/Editor/Data/Mono/lib/libdl
Native extension for WindowsStandalone target not found
Native extension for WebGL target not found
Refreshing native plugins compatible for Editor in 0.75 ms, found 6 plugins.
Preloading 0 native plugins for Editor in 0.00 ms.
Mono: successfully reloaded assembly
Fallback handler could not load library E:/Unity projects SSD/Editor location path/2020.3.11f1/Editor/Data/Mono/lib/libdl
Fallback handler could not load library E:/Unity projects SSD/Editor location path/2020.3.11f1/Editor/Data/Mono/lib/libdl.dll
Fallback handler could not load library E:/Unity projects SSD/Editor location path/2020.3.11f1/Editor/Data/Mono/lib/libdl
Fallback handler could not load library E:/Unity projects SSD/Editor location path/2020.3.11f1/Editor/Data/Mono/lib/libdl
Fallback handler could not load library E:/Unity projects SSD/Editor location path/2020.3.11f1/Editor/Data/Mono/lib/libdl.dll
Fallback handler could not load library E:/Unity projects SSD/Editor location path/2020.3.11f1/Editor/Data/Mono/lib/libdl
- Completed reload, in  1.498 seconds
Platform modules already initialized, skipping
Refreshing native plugins compatible for Editor in 1.46 ms, found 6 plugins.
Preloading 0 native plugins for Editor in 0.00 ms.
Unloading 1426 Unused Serialized files (Serialized files now loaded: 0)
System memory in use before: 158.8 MB.
System memory in use after: 158.9 MB.

Unloading 50 unused Assets to reduce memory usage. Loaded Objects now: 1953.
Total: 2.348700 ms (FindLiveObjects: 0.144300 ms CreateObjectMapping: 0.044200 ms MarkObjects: 2.059600 ms  DeleteObjects: 0.099700 ms)

========================================================================
Received Import Request.
  Time since last request: 108.739351 seconds.
  path: Assets/Animations/Mage
  artifactKey: Guid(4eb3fc0a0fcf00645ab4846e8488adc2) Importer(815301076,1909f56bfc062723c751e8b465ee728b)
Start importing Assets/Animations/Mage using Guid(4eb3fc0a0fcf00645ab4846e8488adc2) Importer(815301076,1909f56bfc062723c751e8b465ee728b)  -> (artifact id: 'e1e953def9e6aa52de4ae7f8e1a2f0ea') in 0.007694 seconds
  Import took 0.012068 seconds .

========================================================================
Received Import Request.
  Time since last request: 217.042157 seconds.
  path: Assets/Animations/MageMM/Mage Sleepere.fbx
  artifactKey: Guid(74eac734ebac1e04591bc87ddc27256a) Importer(815301076,1909f56bfc062723c751e8b465ee728b)
Start importing Assets/Animations/MageMM/Mage Sleepere.fbx using Guid(74eac734ebac1e04591bc87ddc27256a) Importer(815301076,1909f56bfc062723c751e8b465ee728b)  -> (artifact id: '5e8e8e1d102874ea29f2e7250a0e036d') in 0.159160 seconds
  Import took 0.164261 seconds .

========================================================================
Received Prepare
Registering precompiled user dll's ...
Registered in 0.012623 seconds.
Begin MonoManager ReloadAssembly
Fallback handler could not load library E:/Unity projects SSD/Editor location path/2020.3.11f1/Editor/Data/Mono/lib/libdl
Fallback handler could not load library E:/Unity projects SSD/Editor location path/2020.3.11f1/Editor/Data/Mono/lib/libdl.dll
Fallback handler could not load library E:/Unity projects SSD/Editor location path/2020.3.11f1/Editor/Data/Mono/lib/libdl
Native extension for WindowsStandalone target not found
Native extension for WebGL target not found
Refreshing native plugins compatible for Editor in 0.66 ms, found 6 plugins.
Preloading 0 native plugins for Editor in 0.00 ms.
Mono: successfully reloaded assembly
Fallback handler could not load library E:/Unity projects SSD/Editor location path/2020.3.11f1/Editor/Data/Mono/lib/libdl
Fallback handler could not load library E:/Unity projects SSD/Editor location path/2020.3.11f1/Editor/Data/Mono/lib/libdl.dll
Fallback handler could not load library E:/Unity projects SSD/Editor location path/2020.3.11f1/Editor/Data/Mono/lib/libdl
Fallback handler could not load library E:/Unity projects SSD/Editor location path/2020.3.11f1/Editor/Data/Mono/lib/libdl
Fallback handler could not load library E:/Unity projects SSD/Editor location path/2020.3.11f1/Editor/Data/Mono/lib/libdl.dll
Fallback handler could not load library E:/Unity projects SSD/Editor location path/2020.3.11f1/Editor/Data/Mono/lib/libdl
- Completed reload, in  1.477 seconds
Platform modules already initialized, skipping
Refreshing native plugins compatible for Editor in 0.70 ms, found 6 plugins.
Preloading 0 native plugins for Editor in 0.00 ms.
Unloading 1426 Unused Serialized files (Serialized files now loaded: 0)
System memory in use before: 159.0 MB.
System memory in use after: 159.0 MB.

Unloading 50 unused Assets to reduce memory usage. Loaded Objects now: 1960.
Total: 2.369500 ms (FindLiveObjects: 0.220400 ms CreateObjectMapping: 0.062800 ms MarkObjects: 1.974600 ms  DeleteObjects: 0.110700 ms)

========================================================================
Received Import Request.
  Time since last request: 102.229177 seconds.
  path: Assets/Animations/MageMM/mixamo.com.anim
  artifactKey: Guid(eb2b72a31be8df8408775cce64b74a94) Importer(815301076,1909f56bfc062723c751e8b465ee728b)
Start importing Assets/Animations/MageMM/mixamo.com.anim using Guid(eb2b72a31be8df8408775cce64b74a94) Importer(815301076,1909f56bfc062723c751e8b465ee728b)  -> (artifact id: 'a9085fe28863baaf6a7de871eaae03b7') in 0.060440 seconds
  Import took 0.063418 seconds .

========================================================================
Received Import Request.
  Time since last request: 6.842019 seconds.
  path: Assets/Animations/MageMM/Sleep.anim
  artifactKey: Guid(eb2b72a31be8df8408775cce64b74a94) Importer(815301076,1909f56bfc062723c751e8b465ee728b)
Start importing Assets/Animations/MageMM/Sleep.anim using Guid(eb2b72a31be8df8408775cce64b74a94) Importer(815301076,1909f56bfc062723c751e8b465ee728b)  -> (artifact id: '999427ad950ef8f9d0806627598ab993') in 0.048433 seconds
  Import took 0.051419 seconds .

========================================================================
Received Prepare
Registering precompiled user dll's ...
Registered in 0.014273 seconds.
Begin MonoManager ReloadAssembly
Fallback handler could not load library E:/Unity projects SSD/Editor location path/2020.3.11f1/Editor/Data/Mono/lib/libdl
Fallback handler could not load library E:/Unity projects SSD/Editor location path/2020.3.11f1/Editor/Data/Mono/lib/libdl.dll
Fallback handler could not load library E:/Unity projects SSD/Editor location path/2020.3.11f1/Editor/Data/Mono/lib/libdl
Native extension for WindowsStandalone target not found
Native extension for WebGL target not found
Refreshing native plugins compatible for Editor in 0.62 ms, found 6 plugins.
Preloading 0 native plugins for Editor in 0.00 ms.
Mono: successfully reloaded assembly
Fallback handler could not load library E:/Unity projects SSD/Editor location path/2020.3.11f1/Editor/Data/Mono/lib/libdl
Fallback handler could not load library E:/Unity projects SSD/Editor location path/2020.3.11f1/Editor/Data/Mono/lib/libdl.dll
Fallback handler could not load library E:/Unity projects SSD/Editor location path/2020.3.11f1/Editor/Data/Mono/lib/libdl
Fallback handler could not load library E:/Unity projects SSD/Editor location path/2020.3.11f1/Editor/Data/Mono/lib/libdl
Fallback handler could not load library E:/Unity projects SSD/Editor location path/2020.3.11f1/Editor/Data/Mono/lib/libdl.dll
Fallback handler could not load library E:/Unity projects SSD/Editor location path/2020.3.11f1/Editor/Data/Mono/lib/libdl
- Completed reload, in  1.383 seconds
Platform modules already initialized, skipping
Refreshing native plugins compatible for Editor in 0.70 ms, found 6 plugins.
Preloading 0 native plugins for Editor in 0.00 ms.
Unloading 1426 Unused Serialized files (Serialized files now loaded: 0)
System memory in use before: 159.0 MB.
System memory in use after: 159.1 MB.

Unloading 50 unused Assets to reduce memory usage. Loaded Objects now: 1963.
Total: 2.746600 ms (FindLiveObjects: 0.243800 ms CreateObjectMapping: 0.137000 ms MarkObjects: 2.290000 ms  DeleteObjects: 0.075100 ms)

AssetImportWorkerClient::OnTransportError - code=2 error=End of file
